[00:00:00] [Render thread/WARN]: Found missing "\" in file "block.properties" in block entry: "// Shader Loader Version Placeholder"
[00:00:00] [Render thread/INFO]: Using shaderpack: ComplementaryReimagined_r5.6 + EuphoriaPatches_1.7.0
[00:00:00] [Render thread/INFO]: Creating pipeline for dimension minecraft:overworld
[00:00:01] [Render thread/INFO]: Stopping worker threads
[00:00:01] [Render thread/INFO]: Started 10 worker threads
[00:00:01] [Render thread/INFO]: [System] [CHAT] 光影包已切换到 ComplementaryReimagined_r5.6 + EuphoriaPatches_1.7.0！
[00:00:01] [Render thread/INFO]: Stopping worker threads
[00:00:01] [Render thread/INFO]: Started 10 worker threads
[00:00:01] [Server thread/INFO]: Saving and pausing game...
[00:00:01] [Server thread/INFO]: Saving chunks for level 'ServerLevel[新的世界]'/minecraft:overworld
[00:00:01] [Server thread/INFO]: Saving chunks for level 'ServerLevel[新的世界]'/minecraft:the_nether
[00:00:01] [Server thread/INFO]: Saving chunks for level 'ServerLevel[新的世界]'/minecraft:the_end
[00:00:51] [Render thread/INFO]: Destroying pipeline minecraft:overworld
[00:00:51] [Render thread/WARN]: Tried to get boolean value for unknown option: FXAA, defaulting to true!
[00:00:51] [Render thread/WARN]: Tried to get boolean value for unknown option: FXAA, defaulting to true!
[00:00:51] [Render thread/WARN]: Tried to get boolean value for unknown option: FXAA, defaulting to true!
[00:00:51] [Render thread/INFO]: Profile: Custom (+57 options changed by user)
[00:00:52] [Render thread/WARN]: Found missing "\" in file "block.properties" in block entry: "// Shader Loader Version Placeholder"
[00:00:52] [Render thread/INFO]: Using shaderpack: ComplementaryReimagined_r5.6 + EuphoriaPatches_1.7.0
[00:00:52] [Render thread/INFO]: Creating pipeline for dimension minecraft:overworld
[00:01:05] [Render thread/INFO]: Stopping worker threads
[00:01:05] [Render thread/INFO]: Started 10 worker threads
[00:01:05] [Render thread/INFO]: Stopping worker threads
[00:01:05] [Render thread/INFO]: Started 10 worker threads
[00:01:21] [Server thread/INFO]: Saving and pausing game...
[00:01:21] [Server thread/INFO]: Saving chunks for level 'ServerLevel[新的世界]'/minecraft:overworld
[00:01:21] [Server thread/INFO]: Saving chunks for level 'ServerLevel[新的世界]'/minecraft:the_nether
[00:01:21] [Server thread/INFO]: Saving chunks for level 'ServerLevel[新的世界]'/minecraft:the_end
[00:01:23] [Server thread/INFO]: Saving and pausing game...
[00:01:23] [Server thread/INFO]: Saving chunks for level 'ServerLevel[新的世界]'/minecraft:overworld
[00:01:23] [Server thread/INFO]: Saving chunks for level 'ServerLevel[新的世界]'/minecraft:the_nether
[00:01:23] [Server thread/INFO]: Saving chunks for level 'ServerLevel[新的世界]'/minecraft:the_end
[00:01:35] [Render thread/INFO]: Destroying pipeline minecraft:overworld
[00:01:35] [Render thread/WARN]: Tried to get boolean value for unknown option: FXAA, defaulting to true!
[00:01:35] [Render thread/WARN]: Tried to get boolean value for unknown option: FXAA, defaulting to true!
[00:01:35] [Render thread/WARN]: Tried to get boolean value for unknown option: FXAA, defaulting to true!
[00:01:35] [Render thread/INFO]: Profile: Custom (+57 options changed by user)
[00:01:35] [Render thread/WARN]: Found missing "\" in file "block.properties" in block entry: "// Shader Loader Version Placeholder"
[00:01:35] [Render thread/INFO]: Using shaderpack: ComplementaryReimagined_r5.6 + EuphoriaPatches_1.7.0
[00:01:35] [Render thread/INFO]: Creating pipeline for dimension minecraft:overworld
[00:01:46] [Render thread/INFO]: Stopping worker threads
[00:01:46] [Render thread/INFO]: Started 10 worker threads
[00:01:58] [Render thread/INFO]: Destroying pipeline minecraft:overworld
[00:01:58] [Render thread/WARN]: Tried to get boolean value for unknown option: FXAA, defaulting to true!
[00:01:58] [Render thread/WARN]: Tried to get boolean value for unknown option: FXAA, defaulting to true!
[00:01:58] [Render thread/WARN]: Tried to get boolean value for unknown option: FXAA, defaulting to true!
[00:01:58] [Render thread/INFO]: Profile: Custom (+58 options changed by user)
[00:01:58] [Render thread/WARN]: Found missing "\" in file "block.properties" in block entry: "// Shader Loader Version Placeholder"
[00:01:59] [Render thread/INFO]: Using shaderpack: ComplementaryReimagined_r5.6 + EuphoriaPatches_1.7.0
[00:01:59] [Render thread/INFO]: Creating pipeline for dimension minecraft:overworld
[00:02:09] [Render thread/INFO]: Stopping worker threads
[00:02:09] [Render thread/INFO]: Started 10 worker threads
[00:03:48] [Render thread/INFO]: Destroying pipeline minecraft:overworld
[00:03:48] [Render thread/WARN]: Tried to get boolean value for unknown option: FXAA, defaulting to true!
[00:03:48] [Render thread/WARN]: Tried to get boolean value for unknown option: FXAA, defaulting to true!
[00:03:48] [Render thread/WARN]: Tried to get boolean value for unknown option: FXAA, defaulting to true!
[00:03:48] [Render thread/INFO]: Profile: Custom (+61 options changed by user)
[00:03:49] [Render thread/WARN]: Found missing "\" in file "block.properties" in block entry: "// Shader Loader Version Placeholder"
[00:03:49] [Render thread/INFO]: Using shaderpack: ComplementaryReimagined_r5.6 + EuphoriaPatches_1.7.0
[00:03:49] [Render thread/INFO]: Creating pipeline for dimension minecraft:overworld
[00:03:50] [Render thread/WARN]: The in declaration 'vlFactor' in the composite1 FRAGMENT shader that is never assigned to in the previous stage VERTEX has been compatibility-patched by adding an initialization for it. See debugging.md for more information.
[00:04:01] [Render thread/INFO]: Stopping worker threads
[00:04:01] [Render thread/INFO]: Started 10 worker threads
[00:04:17] [Server thread/INFO]: Saving and pausing game...
[00:04:17] [Server thread/INFO]: Saving chunks for level 'ServerLevel[新的世界]'/minecraft:overworld
[00:04:17] [Server thread/INFO]: Saving chunks for level 'ServerLevel[新的世界]'/minecraft:the_nether
[00:04:17] [Server thread/INFO]: Saving chunks for level 'ServerLevel[新的世界]'/minecraft:the_end
[00:04:22] [Render thread/INFO]: Saving config ParticleTweaksConfig from particletweaks
[00:04:37] [Server thread/INFO]: Saving and pausing game...
[00:04:37] [Server thread/INFO]: Saving chunks for level 'ServerLevel[新的世界]'/minecraft:overworld
[00:04:37] [Server thread/INFO]: Saving chunks for level 'ServerLevel[新的世界]'/minecraft:the_nether
[00:04:37] [Server thread/INFO]: Saving chunks for level 'ServerLevel[新的世界]'/minecraft:the_end
[00:04:49] [Server thread/INFO]: Saving and pausing game...
[00:04:49] [Server thread/INFO]: Saving chunks for level 'ServerLevel[新的世界]'/minecraft:overworld
[00:04:49] [Server thread/INFO]: Saving chunks for level 'ServerLevel[新的世界]'/minecraft:the_nether
[00:04:49] [Server thread/INFO]: Saving chunks for level 'ServerLevel[新的世界]'/minecraft:the_end
[00:05:22] [Server thread/INFO]: Saving and pausing game...
[00:05:22] [Server thread/INFO]: Saving chunks for level 'ServerLevel[新的世界]'/minecraft:overworld
[00:05:22] [Server thread/INFO]: Saving chunks for level 'ServerLevel[新的世界]'/minecraft:the_nether
[00:05:22] [Server thread/INFO]: Saving chunks for level 'ServerLevel[新的世界]'/minecraft:the_end
[00:06:35] [Render thread/INFO]: Destroying pipeline minecraft:overworld
[00:06:35] [Render thread/WARN]: Tried to get boolean value for unknown option: FXAA, defaulting to true!
[00:06:35] [Render thread/WARN]: Tried to get boolean value for unknown option: FXAA, defaulting to true!
[00:06:35] [Render thread/WARN]: Tried to get boolean value for unknown option: FXAA, defaulting to true!
[00:06:35] [Render thread/INFO]: Profile: Custom (+64 options changed by user)
[00:06:35] [Render thread/WARN]: Found missing "\" in file "block.properties" in block entry: "// Shader Loader Version Placeholder"
[00:06:36] [Render thread/INFO]: Using shaderpack: ComplementaryReimagined_r5.6 + EuphoriaPatches_1.7.0
[00:06:36] [Render thread/INFO]: Creating pipeline for dimension minecraft:overworld
[00:06:36] [Render thread/WARN]: The in declaration 'vlFactor' in the composite1 FRAGMENT shader that is never assigned to in the previous stage VERTEX has been compatibility-patched by adding an initialization for it. See debugging.md for more information.
[00:06:47] [Render thread/INFO]: Stopping worker threads
[00:06:47] [Render thread/INFO]: Started 10 worker threads
[00:07:43] [Render thread/INFO]: Destroying pipeline minecraft:overworld
[00:07:44] [Render thread/WARN]: Tried to get boolean value for unknown option: FXAA, defaulting to true!
[00:07:44] [Render thread/WARN]: Tried to get boolean value for unknown option: FXAA, defaulting to true!
[00:07:44] [Render thread/WARN]: Tried to get boolean value for unknown option: FXAA, defaulting to true!
[00:07:44] [Render thread/INFO]: Profile: Custom (+64 options changed by user)
[00:07:44] [Render thread/WARN]: Found missing "\" in file "block.properties" in block entry: "// Shader Loader Version Placeholder"
[00:07:44] [Render thread/INFO]: Using shaderpack: ComplementaryReimagined_r5.6 + EuphoriaPatches_1.7.0
[00:07:44] [Render thread/INFO]: Creating pipeline for dimension minecraft:overworld
[00:07:53] [Render thread/INFO]: Stopping worker threads
[00:07:53] [Render thread/INFO]: Started 10 worker threads
[00:08:29] [Server thread/INFO]: [Ucatbinn: 已将自己的游戏模式设置为旁观模式]
[00:08:29] [Render thread/INFO]: [System] [CHAT] 已将自己的游戏模式设置为旁观模式
[00:08:55] [Server thread/INFO]: [Ucatbinn: 已将自己的游戏模式设置为创造模式]
[00:08:55] [Render thread/INFO]: [System] [CHAT] 已将自己的游戏模式设置为创造模式
[00:09:34] [Render thread/INFO]: Loaded 77 advancements
[00:09:44] [Server thread/INFO]: Saving and pausing game...
[00:09:44] [Server thread/INFO]: Saving chunks for level 'ServerLevel[新的世界]'/minecraft:overworld
[00:09:44] [Server thread/INFO]: Saving chunks for level 'ServerLevel[新的世界]'/minecraft:the_nether
[00:09:44] [Server thread/INFO]: Saving chunks for level 'ServerLevel[新的世界]'/minecraft:the_end
[00:09:49] [Render thread/INFO]: Saving config ParticleTweaksConfig from particletweaks
[00:09:50] [Server thread/INFO]: Saving and pausing game...
[00:09:50] [Server thread/INFO]: Saving chunks for level 'ServerLevel[新的世界]'/minecraft:overworld
[00:09:50] [Server thread/INFO]: Saving chunks for level 'ServerLevel[新的世界]'/minecraft:the_nether
[00:09:50] [Server thread/INFO]: Saving chunks for level 'ServerLevel[新的世界]'/minecraft:the_end
[00:10:01] [Server thread/INFO]: Saving and pausing game...
[00:10:01] [Server thread/INFO]: Saving chunks for level 'ServerLevel[新的世界]'/minecraft:overworld
[00:10:01] [Server thread/INFO]: Saving chunks for level 'ServerLevel[新的世界]'/minecraft:the_nether
[00:10:01] [Server thread/INFO]: Saving chunks for level 'ServerLevel[新的世界]'/minecraft:the_end
[00:10:22] [Render thread/INFO]: Saving config ParticleTweaksConfig from particletweaks
[00:10:38] [Server thread/INFO]: Saving and pausing game...
[00:10:38] [Server thread/INFO]: Saving chunks for level 'ServerLevel[新的世界]'/minecraft:overworld
[00:10:38] [Server thread/INFO]: Saving chunks for level 'ServerLevel[新的世界]'/minecraft:the_nether
[00:10:38] [Server thread/INFO]: Saving chunks for level 'ServerLevel[新的世界]'/minecraft:the_end
[00:11:11] [Render thread/INFO]: Saving config ParticleTweaksConfig from particletweaks
[00:11:35] [Server thread/INFO]: Saving and pausing game...
[00:11:35] [Server thread/INFO]: Saving chunks for level 'ServerLevel[新的世界]'/minecraft:overworld
[00:11:35] [Server thread/INFO]: Saving chunks for level 'ServerLevel[新的世界]'/minecraft:the_nether
[00:11:35] [Server thread/INFO]: Saving chunks for level 'ServerLevel[新的世界]'/minecraft:the_end
[00:11:39] [Render thread/INFO]: Saving config ParticleTweaksConfig from particletweaks
[00:12:06] [Server thread/INFO]: Saving and pausing game...
[00:12:06] [Server thread/INFO]: Saving chunks for level 'ServerLevel[新的世界]'/minecraft:overworld
[00:12:06] [Server thread/INFO]: Saving chunks for level 'ServerLevel[新的世界]'/minecraft:the_nether
[00:12:06] [Server thread/INFO]: Saving chunks for level 'ServerLevel[新的世界]'/minecraft:the_end
[00:12:21] [Render thread/INFO]: Saving config ParticleTweaksConfig from particletweaks
[00:13:04] [Server thread/INFO]: Saving and pausing game...
[00:13:04] [Server thread/INFO]: Saving chunks for level 'ServerLevel[新的世界]'/minecraft:overworld
[00:13:04] [Server thread/INFO]: Saving chunks for level 'ServerLevel[新的世界]'/minecraft:the_nether
[00:13:04] [Server thread/INFO]: Saving chunks for level 'ServerLevel[新的世界]'/minecraft:the_end
[00:13:08] [Render thread/INFO]: Saving config ParticleTweaksConfig from particletweaks
[00:13:20] [Server thread/INFO]: Saving and pausing game...
[00:13:20] [Server thread/INFO]: Saving chunks for level 'ServerLevel[新的世界]'/minecraft:overworld
[00:13:20] [Server thread/INFO]: Saving chunks for level 'ServerLevel[新的世界]'/minecraft:the_nether
[00:13:20] [Server thread/INFO]: Saving chunks for level 'ServerLevel[新的世界]'/minecraft:the_end
[00:13:50] [Render thread/INFO]: Saving config ParticleTweaksConfig from particletweaks
[00:14:02] [Server thread/INFO]: Saving and pausing game...
[00:14:02] [Server thread/INFO]: Saving chunks for level 'ServerLevel[新的世界]'/minecraft:overworld
[00:14:02] [Server thread/INFO]: Saving chunks for level 'ServerLevel[新的世界]'/minecraft:the_nether
[00:14:02] [Server thread/INFO]: Saving chunks for level 'ServerLevel[新的世界]'/minecraft:the_end
[00:14:03] [Render thread/INFO]: Destroying pipeline minecraft:overworld
[00:14:03] [Render thread/INFO]: Shaders are disabled because enableShaders is set to false in iris.properties
[00:14:03] [Render thread/INFO]: Creating pipeline for dimension minecraft:overworld
[00:14:03] [Render thread/INFO]: Stopping worker threads
[00:14:03] [Render thread/INFO]: Started 10 worker threads
[00:14:03] [Render thread/INFO]: [System] [CHAT] 光影包已禁用！
[00:14:06] [Server thread/INFO]: Saving and pausing game...
[00:14:06] [Server thread/INFO]: Saving chunks for level 'ServerLevel[新的世界]'/minecraft:overworld
[00:14:06] [Server thread/INFO]: Saving chunks for level 'ServerLevel[新的世界]'/minecraft:the_nether
[00:14:06] [Server thread/INFO]: Saving chunks for level 'ServerLevel[新的世界]'/minecraft:the_end
[00:14:36] [Render thread/INFO]: Saving config ParticleTweaksConfig from particletweaks
[00:15:11] [Server thread/INFO]: Saving and pausing game...
[00:15:11] [Server thread/INFO]: Saving chunks for level 'ServerLevel[新的世界]'/minecraft:overworld
[00:15:11] [Server thread/INFO]: Saving chunks for level 'ServerLevel[新的世界]'/minecraft:the_nether
[00:15:11] [Server thread/INFO]: Saving chunks for level 'ServerLevel[新的世界]'/minecraft:the_end
[00:15:16] [Render thread/INFO]: Saving config ParticleTweaksConfig from particletweaks
[00:15:29] [Server thread/INFO]: Saving and pausing game...
[00:15:29] [Server thread/INFO]: Saving chunks for level 'ServerLevel[新的世界]'/minecraft:overworld
[00:15:29] [Server thread/INFO]: Saving chunks for level 'ServerLevel[新的世界]'/minecraft:the_nether
[00:15:29] [Server thread/INFO]: Saving chunks for level 'ServerLevel[新的世界]'/minecraft:the_end
[00:15:34] [Render thread/INFO]: Saving config ParticleTweaksConfig from particletweaks
[00:15:45] [Server thread/INFO]: Saving and pausing game...
[00:15:45] [Server thread/INFO]: Saving chunks for level 'ServerLevel[新的世界]'/minecraft:overworld
[00:15:45] [Server thread/INFO]: Saving chunks for level 'ServerLevel[新的世界]'/minecraft:the_nether
[00:15:45] [Server thread/INFO]: Saving chunks for level 'ServerLevel[新的世界]'/minecraft:the_end
[00:16:17] [Render thread/INFO]: Loaded 78 advancements
[00:16:31] [Server thread/INFO]: Saving and pausing game...
[00:16:31] [Server thread/INFO]: Saving chunks for level 'ServerLevel[新的世界]'/minecraft:overworld
[00:16:31] [Server thread/INFO]: Saving chunks for level 'ServerLevel[新的世界]'/minecraft:the_nether
[00:16:31] [Server thread/INFO]: Saving chunks for level 'ServerLevel[新的世界]'/minecraft:the_end
[00:16:36] [Render thread/INFO]: Saving config ParticleTweaksConfig from particletweaks
[00:16:42] [Server thread/INFO]: Saving and pausing game...
[00:16:42] [Server thread/INFO]: Saving chunks for level 'ServerLevel[新的世界]'/minecraft:overworld
[00:16:42] [Server thread/INFO]: Saving chunks for level 'ServerLevel[新的世界]'/minecraft:the_nether
[00:16:42] [Server thread/INFO]: Saving chunks for level 'ServerLevel[新的世界]'/minecraft:the_end
[00:17:30] [Render thread/INFO]: Saving config ParticleTweaksConfig from particletweaks
[00:17:49] [Server thread/INFO]: Saving and pausing game...
[00:17:50] [Server thread/INFO]: Saving chunks for level 'ServerLevel[新的世界]'/minecraft:overworld
[00:17:50] [Server thread/INFO]: Saving chunks for level 'ServerLevel[新的世界]'/minecraft:the_nether
[00:17:50] [Server thread/INFO]: Saving chunks for level 'ServerLevel[新的世界]'/minecraft:the_end
[00:17:54] [Render thread/INFO]: Saving config ParticleTweaksConfig from particletweaks
[00:17:59] [Server thread/INFO]: Saving and pausing game...
[00:17:59] [Server thread/INFO]: Saving chunks for level 'ServerLevel[新的世界]'/minecraft:overworld
[00:17:59] [Server thread/INFO]: Saving chunks for level 'ServerLevel[新的世界]'/minecraft:the_nether
[00:17:59] [Server thread/INFO]: Saving chunks for level 'ServerLevel[新的世界]'/minecraft:the_end
[00:18:08] [Render thread/INFO]: Saving config ParticleTweaksConfig from particletweaks
[00:18:24] [Render thread/INFO]: Destroying pipeline minecraft:overworld
[00:18:24] [Render thread/WARN]: Tried to get boolean value for unknown option: FXAA, defaulting to true!
[00:18:24] [Render thread/WARN]: Tried to get boolean value for unknown option: FXAA, defaulting to true!
[00:18:24] [Render thread/WARN]: Tried to get boolean value for unknown option: FXAA, defaulting to true!
[00:18:24] [Render thread/INFO]: Profile: Custom (+64 options changed by user)
[00:18:24] [Render thread/WARN]: Found missing "\" in file "block.properties" in block entry: "// Shader Loader Version Placeholder"
[00:18:25] [Render thread/INFO]: Using shaderpack: ComplementaryReimagined_r5.6 + EuphoriaPatches_1.7.0
[00:18:25] [Render thread/INFO]: Creating pipeline for dimension minecraft:overworld
[00:18:25] [Render thread/INFO]: Stopping worker threads
[00:18:25] [Render thread/INFO]: Started 10 worker threads
[00:18:25] [Render thread/INFO]: [System] [CHAT] 光影包已切换到 ComplementaryReimagined_r5.6 + EuphoriaPatches_1.7.0！
[00:18:25] [Render thread/INFO]: Stopping worker threads
[00:18:25] [Render thread/INFO]: Started 10 worker threads
[00:19:10] [Render thread/INFO]: Loaded 78 advancements
[00:19:58] [Server thread/INFO]: Saving and pausing game...
[00:19:59] [Server thread/INFO]: Saving chunks for level 'ServerLevel[新的世界]'/minecraft:overworld
[00:19:59] [Server thread/INFO]: Saving chunks for level 'ServerLevel[新的世界]'/minecraft:the_nether
[00:19:59] [Server thread/INFO]: Saving chunks for level 'ServerLevel[新的世界]'/minecraft:the_end
[00:20:05] [Render thread/INFO]: Saving config ParticleTweaksConfig from particletweaks
[00:20:09] [Server thread/INFO]: Saving and pausing game...
[00:20:09] [Server thread/INFO]: Saving chunks for level 'ServerLevel[新的世界]'/minecraft:overworld
[00:20:09] [Server thread/INFO]: Saving chunks for level 'ServerLevel[新的世界]'/minecraft:the_nether
[00:20:09] [Server thread/INFO]: Saving chunks for level 'ServerLevel[新的世界]'/minecraft:the_end
[00:20:14] [Render thread/INFO]: Saving config ParticleTweaksConfig from particletweaks
[00:20:18] [Server thread/INFO]: Saving and pausing game...
[00:20:18] [Server thread/INFO]: Saving chunks for level 'ServerLevel[新的世界]'/minecraft:overworld
[00:20:18] [Server thread/INFO]: Saving chunks for level 'ServerLevel[新的世界]'/minecraft:the_nether
[00:20:18] [Server thread/INFO]: Saving chunks for level 'ServerLevel[新的世界]'/minecraft:the_end
[00:20:20] [Render thread/ERROR]: Invalid mod icon for icon source itemphysiclite: itemphysiclite.png
[00:20:44] [Server thread/INFO]: Saving and pausing game...
[00:20:44] [Server thread/INFO]: Saving chunks for level 'ServerLevel[新的世界]'/minecraft:overworld
[00:20:44] [Server thread/INFO]: Saving chunks for level 'ServerLevel[新的世界]'/minecraft:the_nether
[00:20:44] [Server thread/INFO]: Saving chunks for level 'ServerLevel[新的世界]'/minecraft:the_end
[00:21:05] [Render thread/INFO]: Saving config ParticleTweaksConfig from particletweaks
[00:21:44] [Render thread/INFO]: Loaded 78 advancements
[00:21:46] [Render thread/INFO]: Loaded 80 advancements
[00:21:48] [Server thread/INFO]: Saving and pausing game...
[00:21:48] [Server thread/INFO]: Saving chunks for level 'ServerLevel[新的世界]'/minecraft:overworld
[00:21:48] [Server thread/INFO]: Saving chunks for level 'ServerLevel[新的世界]'/minecraft:the_nether
[00:21:48] [Server thread/INFO]: Saving chunks for level 'ServerLevel[新的世界]'/minecraft:the_end
[00:21:57] [Render thread/INFO]: Saving config ParticleTweaksConfig from particletweaks
[00:22:18] [Server thread/INFO]: Saving and pausing game...
[00:22:18] [Server thread/INFO]: Saving chunks for level 'ServerLevel[新的世界]'/minecraft:overworld
[00:22:18] [Server thread/INFO]: Saving chunks for level 'ServerLevel[新的世界]'/minecraft:the_nether
[00:22:18] [Server thread/INFO]: Saving chunks for level 'ServerLevel[新的世界]'/minecraft:the_end
[00:22:54] [Server thread/INFO]: Saving and pausing game...
[00:22:54] [Server thread/INFO]: Saving chunks for level 'ServerLevel[新的世界]'/minecraft:overworld
[00:22:54] [Server thread/INFO]: Saving chunks for level 'ServerLevel[新的世界]'/minecraft:the_nether
[00:22:54] [Server thread/INFO]: Saving chunks for level 'ServerLevel[新的世界]'/minecraft:the_end
[00:23:00] [Render thread/INFO]: Saving config ParticleTweaksConfig from particletweaks
[00:23:24] [Server thread/INFO]: Saving and pausing game...
[00:23:24] [Server thread/INFO]: Saving chunks for level 'ServerLevel[新的世界]'/minecraft:overworld
[00:23:24] [Server thread/INFO]: Saving chunks for level 'ServerLevel[新的世界]'/minecraft:the_nether
[00:23:24] [Server thread/INFO]: Saving chunks for level 'ServerLevel[新的世界]'/minecraft:the_end
[00:23:48] [Render thread/INFO]: Destroying pipeline minecraft:overworld
[00:23:48] [Render thread/WARN]: Tried to get boolean value for unknown option: FXAA, defaulting to true!
[00:23:48] [Render thread/WARN]: Tried to get boolean value for unknown option: FXAA, defaulting to true!
[00:23:48] [Render thread/WARN]: Tried to get boolean value for unknown option: FXAA, defaulting to true!
[00:23:48] [Render thread/INFO]: Profile: Custom (+63 options changed by user)
[00:23:48] [Render thread/WARN]: Found missing "\" in file "block.properties" in block entry: "// Shader Loader Version Placeholder"
[00:23:48] [Render thread/INFO]: Using shaderpack: ComplementaryReimagined_r5.6 + EuphoriaPatches_1.7.0
[00:23:48] [Render thread/INFO]: Creating pipeline for dimension minecraft:overworld
[00:23:49] [Render thread/WARN]: The in declaration 'vlFactor' in the composite1 FRAGMENT shader that is never assigned to in the previous stage VERTEX has been compatibility-patched by adding an initialization for it. See debugging.md for more information.
[00:23:52] [Render thread/INFO]: Stopping worker threads
[00:23:52] [Render thread/INFO]: Started 10 worker threads
[00:23:52] [Render thread/INFO]: Stopping worker threads
[00:23:52] [Render thread/INFO]: Started 10 worker threads
[00:24:02] [Server thread/INFO]: Saving and pausing game...
[00:24:02] [Server thread/INFO]: Saving chunks for level 'ServerLevel[新的世界]'/minecraft:overworld
[00:24:02] [Server thread/INFO]: Saving chunks for level 'ServerLevel[新的世界]'/minecraft:the_nether
[00:24:02] [Server thread/INFO]: Saving chunks for level 'ServerLevel[新的世界]'/minecraft:the_end
[00:24:34] [Render thread/INFO]: Destroying pipeline minecraft:overworld
[00:24:34] [Render thread/WARN]: Tried to get boolean value for unknown option: FXAA, defaulting to true!
[00:24:34] [Render thread/WARN]: Tried to get boolean value for unknown option: FXAA, defaulting to true!
[00:24:34] [Render thread/WARN]: Tried to get boolean value for unknown option: FXAA, defaulting to true!
[00:24:34] [Render thread/INFO]: Profile: Custom (+62 options changed by user)
[00:24:35] [Render thread/WARN]: Found missing "\" in file "block.properties" in block entry: "// Shader Loader Version Placeholder"
[00:24:35] [Render thread/INFO]: Using shaderpack: ComplementaryReimagined_r5.6 + EuphoriaPatches_1.7.0
[00:24:35] [Render thread/INFO]: Creating pipeline for dimension minecraft:overworld
[00:24:35] [Render thread/WARN]: The in declaration 'vlFactor' in the composite1 FRAGMENT shader that is never assigned to in the previous stage VERTEX has been compatibility-patched by adding an initialization for it. See debugging.md for more information.
[00:24:45] [Render thread/INFO]: Stopping worker threads
[00:24:45] [Render thread/INFO]: Started 10 worker threads
[00:25:21] [Server thread/INFO]: Saving and pausing game...
[00:25:21] [Server thread/INFO]: Saving chunks for level 'ServerLevel[新的世界]'/minecraft:overworld
[00:25:21] [Server thread/INFO]: Saving chunks for level 'ServerLevel[新的世界]'/minecraft:the_nether
[00:25:21] [Server thread/INFO]: Saving chunks for level 'ServerLevel[新的世界]'/minecraft:the_end
[00:25:58] [Server thread/INFO]: Saving and pausing game...
[00:25:58] [Server thread/INFO]: Saving chunks for level 'ServerLevel[新的世界]'/minecraft:overworld
[00:25:58] [Server thread/INFO]: Saving chunks for level 'ServerLevel[新的世界]'/minecraft:the_nether
[00:25:58] [Server thread/INFO]: Saving chunks for level 'ServerLevel[新的世界]'/minecraft:the_end
[00:26:08] [Render thread/INFO]: Destroying pipeline minecraft:overworld
[00:26:08] [Render thread/WARN]: Tried to get boolean value for unknown option: FXAA, defaulting to true!
[00:26:08] [Render thread/WARN]: Tried to get boolean value for unknown option: FXAA, defaulting to true!
[00:26:08] [Render thread/WARN]: Tried to get boolean value for unknown option: FXAA, defaulting to true!
[00:26:08] [Render thread/INFO]: Profile: Custom (+62 options changed by user)
[00:26:09] [Render thread/WARN]: Found missing "\" in file "block.properties" in block entry: "// Shader Loader Version Placeholder"
[00:26:09] [Render thread/INFO]: Using shaderpack: ComplementaryReimagined_r5.6 + EuphoriaPatches_1.7.0
[00:26:09] [Render thread/INFO]: Creating pipeline for dimension minecraft:overworld
[00:26:18] [Render thread/INFO]: Stopping worker threads
[00:26:18] [Render thread/INFO]: Started 10 worker threads
[00:26:24] [Server thread/INFO]: Saving and pausing game...
[00:26:24] [Server thread/INFO]: Saving chunks for level 'ServerLevel[新的世界]'/minecraft:overworld
[00:26:24] [Server thread/INFO]: Saving chunks for level 'ServerLevel[新的世界]'/minecraft:the_nether
[00:26:24] [Server thread/INFO]: Saving chunks for level 'ServerLevel[新的世界]'/minecraft:the_end
[00:26:32] [Render thread/INFO]: Destroying pipeline minecraft:overworld
[00:26:32] [Render thread/WARN]: Tried to get boolean value for unknown option: FXAA, defaulting to true!
[00:26:32] [Render thread/WARN]: Tried to get boolean value for unknown option: FXAA, defaulting to true!
[00:26:32] [Render thread/WARN]: Tried to get boolean value for unknown option: FXAA, defaulting to true!
[00:26:32] [Render thread/INFO]: Profile: Custom (+62 options changed by user)
[00:26:33] [Render thread/WARN]: Found missing "\" in file "block.properties" in block entry: "// Shader Loader Version Placeholder"
[00:26:33] [Render thread/INFO]: Using shaderpack: ComplementaryReimagined_r5.6 + EuphoriaPatches_1.7.0
[00:26:33] [Render thread/INFO]: Creating pipeline for dimension minecraft:overworld
[00:26:38] [Render thread/INFO]: Stopping worker threads
[00:26:38] [Render thread/INFO]: Started 10 worker threads
[00:26:53] [Server thread/INFO]: Saving and pausing game...
[00:26:53] [Server thread/INFO]: Saving chunks for level 'ServerLevel[新的世界]'/minecraft:overworld
[00:26:53] [Server thread/INFO]: Saving chunks for level 'ServerLevel[新的世界]'/minecraft:the_nether
[00:26:53] [Server thread/INFO]: Saving chunks for level 'ServerLevel[新的世界]'/minecraft:the_end
[00:26:58] [Render thread/INFO]: Saving config ParticleTweaksConfig from particletweaks
[00:26:59] [Server thread/INFO]: Saving and pausing game...
[00:26:59] [Server thread/INFO]: Saving chunks for level 'ServerLevel[新的世界]'/minecraft:overworld
[00:26:59] [Server thread/INFO]: Saving chunks for level 'ServerLevel[新的世界]'/minecraft:the_nether
[00:26:59] [Server thread/INFO]: Saving chunks for level 'ServerLevel[新的世界]'/minecraft:the_end
[00:27:31] [Server thread/INFO]: Saving and pausing game...
[00:27:31] [Server thread/INFO]: Saving chunks for level 'ServerLevel[新的世界]'/minecraft:overworld
[00:27:31] [Server thread/INFO]: Saving chunks for level 'ServerLevel[新的世界]'/minecraft:the_nether
[00:27:31] [Server thread/INFO]: Saving chunks for level 'ServerLevel[新的世界]'/minecraft:the_end
[00:27:33] [Server thread/INFO]: Saving and pausing game...
[00:27:33] [Server thread/INFO]: Saving chunks for level 'ServerLevel[新的世界]'/minecraft:overworld
[00:27:33] [Server thread/INFO]: Saving chunks for level 'ServerLevel[新的世界]'/minecraft:the_nether
[00:27:33] [Server thread/INFO]: Saving chunks for level 'ServerLevel[新的世界]'/minecraft:the_end
[00:27:40] [Render thread/INFO]: Destroying pipeline minecraft:overworld
[00:27:40] [Render thread/WARN]: Tried to get boolean value for unknown option: FXAA, defaulting to true!
[00:27:40] [Render thread/WARN]: Tried to get boolean value for unknown option: FXAA, defaulting to true!
[00:27:40] [Render thread/WARN]: Tried to get boolean value for unknown option: FXAA, defaulting to true!
[00:27:40] [Render thread/INFO]: Profile: Custom (+62 options changed by user)
[00:27:41] [Render thread/WARN]: Found missing "\" in file "block.properties" in block entry: "// Shader Loader Version Placeholder"
[00:27:41] [Render thread/INFO]: Using shaderpack: ComplementaryReimagined_r5.6 + EuphoriaPatches_1.7.0
[00:27:41] [Render thread/INFO]: Creating pipeline for dimension minecraft:overworld
[00:27:41] [Render thread/INFO]: Stopping worker threads
[00:27:41] [Render thread/INFO]: Started 10 worker threads
[00:29:18] [Server thread/INFO]: Saving and pausing game...
[00:29:18] [Server thread/INFO]: Saving chunks for level 'ServerLevel[新的世界]'/minecraft:overworld
[00:29:18] [Server thread/INFO]: Saving chunks for level 'ServerLevel[新的世界]'/minecraft:the_nether
[00:29:18] [Server thread/INFO]: Saving chunks for level 'ServerLevel[新的世界]'/minecraft:the_end
[00:29:27] [Render thread/INFO]: Destroying pipeline minecraft:overworld
[00:29:27] [Render thread/WARN]: Tried to get boolean value for unknown option: FXAA, defaulting to true!
[00:29:27] [Render thread/WARN]: Tried to get boolean value for unknown option: FXAA, defaulting to true!
[00:29:27] [Render thread/WARN]: Tried to get boolean value for unknown option: FXAA, defaulting to true!
[00:29:27] [Render thread/INFO]: Profile: Custom (+62 options changed by user)
[00:29:28] [Render thread/WARN]: Found missing "\" in file "block.properties" in block entry: "// Shader Loader Version Placeholder"
[00:29:28] [Render thread/INFO]: Using shaderpack: ComplementaryReimagined_r5.6 + EuphoriaPatches_1.7.0
[00:29:28] [Render thread/INFO]: Creating pipeline for dimension minecraft:overworld
[00:29:29] [Render thread/INFO]: Stopping worker threads
[00:29:29] [Render thread/INFO]: Started 10 worker threads
[00:29:56] [Render thread/INFO]: Destroying pipeline minecraft:overworld
[00:29:56] [Render thread/WARN]: Tried to get boolean value for unknown option: FXAA, defaulting to true!
[00:29:56] [Render thread/WARN]: Tried to get boolean value for unknown option: FXAA, defaulting to true!
[00:29:56] [Render thread/WARN]: Tried to get boolean value for unknown option: FXAA, defaulting to true!
[00:29:56] [Render thread/INFO]: Profile: Custom (+63 options changed by user)
[00:29:56] [Render thread/WARN]: Found missing "\" in file "block.properties" in block entry: "// Shader Loader Version Placeholder"
[00:29:57] [Render thread/INFO]: Using shaderpack: ComplementaryReimagined_r5.6 + EuphoriaPatches_1.7.0
[00:29:57] [Render thread/INFO]: Creating pipeline for dimension minecraft:overworld
[00:29:57] [Render thread/WARN]: The in declaration 'vlFactor' in the composite1 FRAGMENT shader that is never assigned to in the previous stage VERTEX has been compatibility-patched by adding an initialization for it. See debugging.md for more information.
[00:29:58] [Render thread/INFO]: Stopping worker threads
[00:29:58] [Render thread/INFO]: Started 10 worker threads
[00:30:01] [Render thread/INFO]: Destroying pipeline minecraft:overworld
[00:30:01] [Render thread/WARN]: Tried to get boolean value for unknown option: FXAA, defaulting to true!
[00:30:01] [Render thread/WARN]: Tried to get boolean value for unknown option: FXAA, defaulting to true!
[00:30:01] [Render thread/WARN]: Tried to get boolean value for unknown option: FXAA, defaulting to true!
[00:30:01] [Render thread/INFO]: Profile: Custom (+63 options changed by user)
[00:30:02] [Render thread/WARN]: Found missing "\" in file "block.properties" in block entry: "// Shader Loader Version Placeholder"
[00:30:02] [Render thread/INFO]: Using shaderpack: ComplementaryReimagined_r5.6 + EuphoriaPatches_1.7.0
[00:30:02] [Render thread/INFO]: Creating pipeline for dimension minecraft:overworld
[00:30:03] [Render thread/WARN]: The in declaration 'vlFactor' in the composite1 FRAGMENT shader that is never assigned to in the previous stage VERTEX has been compatibility-patched by adding an initialization for it. See debugging.md for more information.
[00:30:11] [Render thread/INFO]: Stopping worker threads
[00:30:11] [Render thread/INFO]: Started 10 worker threads
[00:30:25] [Render thread/INFO]: Destroying pipeline minecraft:overworld
[00:30:25] [Render thread/INFO]: Shaders are disabled because enableShaders is set to false in iris.properties
[00:30:25] [Render thread/INFO]: Creating pipeline for dimension minecraft:overworld
[00:30:25] [Render thread/INFO]: Stopping worker threads
[00:30:25] [Render thread/INFO]: Started 10 worker threads
[00:30:25] [Render thread/INFO]: [System] [CHAT] 光影包已禁用！
[00:30:32] [Render thread/INFO]: Destroying pipeline minecraft:overworld
[00:30:32] [Render thread/WARN]: Tried to get boolean value for unknown option: FXAA, defaulting to true!
[00:30:32] [Render thread/WARN]: Tried to get boolean value for unknown option: FXAA, defaulting to true!
[00:30:32] [Render thread/WARN]: Tried to get boolean value for unknown option: FXAA, defaulting to true!
[00:30:32] [Render thread/INFO]: Profile: Custom (+63 options changed by user)
[00:30:33] [Render thread/WARN]: Found missing "\" in file "block.properties" in block entry: "// Shader Loader Version Placeholder"
[00:30:33] [Render thread/INFO]: Using shaderpack: ComplementaryReimagined_r5.6 + EuphoriaPatches_1.7.0
[00:30:33] [Render thread/INFO]: Creating pipeline for dimension minecraft:overworld
[00:30:33] [Render thread/INFO]: Stopping worker threads
[00:30:33] [Render thread/INFO]: Started 10 worker threads
[00:30:33] [Render thread/INFO]: [System] [CHAT] 光影包已切换到 ComplementaryReimagined_r5.6 + EuphoriaPatches_1.7.0！
[00:30:33] [Render thread/INFO]: Stopping worker threads
[00:30:33] [Render thread/INFO]: Started 10 worker threads
[00:30:38] [Server thread/INFO]: Saving and pausing game...
[00:30:38] [Server thread/INFO]: Saving chunks for level 'ServerLevel[新的世界]'/minecraft:overworld
[00:30:38] [Server thread/INFO]: Saving chunks for level 'ServerLevel[新的世界]'/minecraft:the_nether
[00:30:38] [Server thread/INFO]: Saving chunks for level 'ServerLevel[新的世界]'/minecraft:the_end
[00:31:08] [Render thread/INFO]: Destroying pipeline minecraft:overworld
[00:31:08] [Render thread/WARN]: Tried to get boolean value for unknown option: FXAA, defaulting to true!
[00:31:08] [Render thread/WARN]: Tried to get boolean value for unknown option: FXAA, defaulting to true!
[00:31:08] [Render thread/WARN]: Tried to get boolean value for unknown option: FXAA, defaulting to true!
[00:31:08] [Render thread/INFO]: Profile: Custom (+62 options changed by user)
[00:31:09] [Render thread/WARN]: Found missing "\" in file "block.properties" in block entry: "// Shader Loader Version Placeholder"
[00:31:09] [Render thread/INFO]: Using shaderpack: ComplementaryReimagined_r5.6 + EuphoriaPatches_1.7.0
[00:31:09] [Render thread/INFO]: Creating pipeline for dimension minecraft:overworld
[00:31:09] [Render thread/WARN]: The in declaration 'vlFactor' in the composite1 FRAGMENT shader that is never assigned to in the previous stage VERTEX has been compatibility-patched by adding an initialization for it. See debugging.md for more information.
[00:31:11] [Render thread/INFO]: Stopping worker threads
[00:31:11] [Render thread/INFO]: Started 10 worker threads
[00:31:11] [Render thread/INFO]: Stopping worker threads
[00:31:11] [Render thread/INFO]: Started 10 worker threads
[00:31:23] [Render thread/INFO]: Destroying pipeline minecraft:overworld
[00:31:23] [Render thread/WARN]: Tried to get boolean value for unknown option: FXAA, defaulting to true!
[00:31:23] [Render thread/WARN]: Tried to get boolean value for unknown option: FXAA, defaulting to true!
[00:31:23] [Render thread/WARN]: Tried to get boolean value for unknown option: FXAA, defaulting to true!
[00:31:23] [Render thread/INFO]: Profile: Custom (+62 options changed by user)
[00:31:23] [Render thread/WARN]: Found missing "\" in file "block.properties" in block entry: "// Shader Loader Version Placeholder"
[00:31:23] [Render thread/INFO]: Using shaderpack: ComplementaryReimagined_r5.6 + EuphoriaPatches_1.7.0
[00:31:23] [Render thread/INFO]: Creating pipeline for dimension minecraft:overworld
[00:31:24] [Render thread/WARN]: The in declaration 'vlFactor' in the composite1 FRAGMENT shader that is never assigned to in the previous stage VERTEX has been compatibility-patched by adding an initialization for it. See debugging.md for more information.
[00:31:34] [Render thread/INFO]: Stopping worker threads
[00:31:34] [Render thread/INFO]: Started 10 worker threads
[00:31:46] [Server thread/INFO]: Saving and pausing game...
[00:31:46] [Server thread/INFO]: Saving chunks for level 'ServerLevel[新的世界]'/minecraft:overworld
[00:31:46] [Server thread/INFO]: Saving chunks for level 'ServerLevel[新的世界]'/minecraft:the_nether
[00:31:46] [Server thread/INFO]: Saving chunks for level 'ServerLevel[新的世界]'/minecraft:the_end
[00:31:53] [Render thread/INFO]: Destroying pipeline minecraft:overworld
[00:31:53] [Render thread/WARN]: Tried to get boolean value for unknown option: FXAA, defaulting to true!
[00:31:53] [Render thread/WARN]: Tried to get boolean value for unknown option: FXAA, defaulting to true!
[00:31:53] [Render thread/WARN]: Tried to get boolean value for unknown option: FXAA, defaulting to true!
[00:31:53] [Render thread/INFO]: Profile: Custom (+63 options changed by user)
[00:31:54] [Render thread/WARN]: Found missing "\" in file "block.properties" in block entry: "// Shader Loader Version Placeholder"
[00:31:54] [Render thread/INFO]: Using shaderpack: ComplementaryReimagined_r5.6 + EuphoriaPatches_1.7.0
[00:31:54] [Render thread/INFO]: Creating pipeline for dimension minecraft:overworld
[00:31:54] [Render thread/WARN]: The in declaration 'vlFactor' in the composite1 FRAGMENT shader that is never assigned to in the previous stage VERTEX has been compatibility-patched by adding an initialization for it. See debugging.md for more information.
[00:31:55] [Render thread/INFO]: Stopping worker threads
[00:31:55] [Render thread/INFO]: Started 10 worker threads
[00:32:00] [Render thread/INFO]: Destroying pipeline minecraft:overworld
[00:32:01] [Render thread/WARN]: Tried to get boolean value for unknown option: FXAA, defaulting to true!
[00:32:01] [Render thread/WARN]: Tried to get boolean value for unknown option: FXAA, defaulting to true!
[00:32:01] [Render thread/WARN]: Tried to get boolean value for unknown option: FXAA, defaulting to true!
[00:32:01] [Render thread/INFO]: Profile: Custom (+63 options changed by user)
[00:32:01] [Render thread/WARN]: Found missing "\" in file "block.properties" in block entry: "// Shader Loader Version Placeholder"
[00:32:01] [Render thread/INFO]: Using shaderpack: ComplementaryReimagined_r5.6 + EuphoriaPatches_1.7.0
[00:32:01] [Render thread/INFO]: Creating pipeline for dimension minecraft:overworld
[00:32:02] [Render thread/INFO]: Stopping worker threads
[00:32:02] [Render thread/INFO]: Started 10 worker threads
[00:32:06] [Render thread/INFO]: Destroying pipeline minecraft:overworld
[00:32:07] [Render thread/WARN]: Tried to get boolean value for unknown option: FXAA, defaulting to true!
[00:32:07] [Render thread/WARN]: Tried to get boolean value for unknown option: FXAA, defaulting to true!
[00:32:07] [Render thread/WARN]: Tried to get boolean value for unknown option: FXAA, defaulting to true!
[00:32:07] [Render thread/INFO]: Profile: Custom (+62 options changed by user)
[00:32:07] [Render thread/WARN]: Found missing "\" in file "block.properties" in block entry: "// Shader Loader Version Placeholder"
[00:32:07] [Render thread/INFO]: Using shaderpack: ComplementaryReimagined_r5.6 + EuphoriaPatches_1.7.0
[00:32:07] [Render thread/INFO]: Creating pipeline for dimension minecraft:overworld
[00:32:08] [Render thread/INFO]: Stopping worker threads
[00:32:08] [Render thread/INFO]: Started 10 worker threads
[00:32:12] [Server thread/INFO]: Saving and pausing game...
[00:32:12] [Server thread/INFO]: Saving chunks for level 'ServerLevel[新的世界]'/minecraft:overworld
[00:32:12] [Server thread/INFO]: Saving chunks for level 'ServerLevel[新的世界]'/minecraft:the_nether
[00:32:12] [Server thread/INFO]: Saving chunks for level 'ServerLevel[新的世界]'/minecraft:the_end
[00:32:38] [Render thread/INFO]: Destroying pipeline minecraft:overworld
[00:32:38] [Render thread/WARN]: Tried to get boolean value for unknown option: FXAA, defaulting to true!
[00:32:38] [Render thread/WARN]: Tried to get boolean value for unknown option: FXAA, defaulting to true!
[00:32:38] [Render thread/WARN]: Tried to get boolean value for unknown option: FXAA, defaulting to true!
[00:32:38] [Render thread/INFO]: Profile: Custom (+63 options changed by user)
[00:32:38] [Render thread/WARN]: Found missing "\" in file "block.properties" in block entry: "// Shader Loader Version Placeholder"
[00:32:38] [Render thread/INFO]: Using shaderpack: ComplementaryReimagined_r5.6 + EuphoriaPatches_1.7.0
[00:32:38] [Render thread/INFO]: Creating pipeline for dimension minecraft:overworld
[00:32:39] [Render thread/WARN]: The in declaration 'vlFactor' in the composite1 FRAGMENT shader that is never assigned to in the previous stage VERTEX has been compatibility-patched by adding an initialization for it. See debugging.md for more information.
[00:32:49] [Render thread/INFO]: Stopping worker threads
[00:32:49] [Render thread/INFO]: Started 10 worker threads
[00:32:56] [Server thread/INFO]: Saving and pausing game...
[00:32:56] [Server thread/INFO]: Saving chunks for level 'ServerLevel[新的世界]'/minecraft:overworld
[00:32:56] [Server thread/INFO]: Saving chunks for level 'ServerLevel[新的世界]'/minecraft:the_nether
[00:32:56] [Server thread/INFO]: Saving chunks for level 'ServerLevel[新的世界]'/minecraft:the_end
[00:33:31] [Render thread/INFO]: Destroying pipeline minecraft:overworld
[00:33:31] [Render thread/WARN]: Tried to get boolean value for unknown option: FXAA, defaulting to true!
[00:33:31] [Render thread/WARN]: Tried to get boolean value for unknown option: FXAA, defaulting to true!
[00:33:31] [Render thread/WARN]: Tried to get boolean value for unknown option: FXAA, defaulting to true!
[00:33:31] [Render thread/INFO]: Profile: Custom (+62 options changed by user)
[00:33:32] [Render thread/WARN]: Found missing "\" in file "block.properties" in block entry: "// Shader Loader Version Placeholder"
[00:33:32] [Render thread/INFO]: Using shaderpack: ComplementaryReimagined_r5.6 + EuphoriaPatches_1.7.0
[00:33:32] [Render thread/INFO]: Creating pipeline for dimension minecraft:overworld
[00:33:33] [Render thread/INFO]: Stopping worker threads
[00:33:33] [Render thread/INFO]: Started 10 worker threads
[00:33:44] [Server thread/INFO]: Saving and pausing game...
[00:33:44] [Server thread/INFO]: Saving chunks for level 'ServerLevel[新的世界]'/minecraft:overworld
[00:33:44] [Server thread/INFO]: Saving chunks for level 'ServerLevel[新的世界]'/minecraft:the_nether
[00:33:44] [Server thread/INFO]: Saving chunks for level 'ServerLevel[新的世界]'/minecraft:the_end
[00:34:04] [Render thread/INFO]: Destroying pipeline minecraft:overworld
[00:34:04] [Render thread/WARN]: Tried to get boolean value for unknown option: FXAA, defaulting to true!
[00:34:04] [Render thread/WARN]: Tried to get boolean value for unknown option: FXAA, defaulting to true!
[00:34:04] [Render thread/WARN]: Tried to get boolean value for unknown option: FXAA, defaulting to true!
[00:34:04] [Render thread/INFO]: Profile: Custom (+63 options changed by user)
[00:34:05] [Render thread/WARN]: Found missing "\" in file "block.properties" in block entry: "// Shader Loader Version Placeholder"
[00:34:05] [Render thread/INFO]: Using shaderpack: ComplementaryReimagined_r5.6 + EuphoriaPatches_1.7.0
[00:34:05] [Render thread/INFO]: Creating pipeline for dimension minecraft:overworld
[00:34:15] [Render thread/INFO]: Stopping worker threads
[00:34:15] [Render thread/INFO]: Started 10 worker threads
[00:34:28] [Server thread/INFO]: Saving and pausing game...
[00:34:28] [Server thread/INFO]: Saving chunks for level 'ServerLevel[新的世界]'/minecraft:overworld
[00:34:28] [Server thread/INFO]: Saving chunks for level 'ServerLevel[新的世界]'/minecraft:the_nether
[00:34:28] [Server thread/INFO]: Saving chunks for level 'ServerLevel[新的世界]'/minecraft:the_end
[00:35:06] [Server thread/INFO]: Saving and pausing game...
[00:35:06] [Server thread/INFO]: Saving chunks for level 'ServerLevel[新的世界]'/minecraft:overworld
[00:35:06] [Server thread/INFO]: Saving chunks for level 'ServerLevel[新的世界]'/minecraft:the_nether
[00:35:06] [Server thread/INFO]: Saving chunks for level 'ServerLevel[新的世界]'/minecraft:the_end
[00:35:23] [Server thread/INFO]: Saving and pausing game...
[00:35:23] [Server thread/INFO]: Saving chunks for level 'ServerLevel[新的世界]'/minecraft:overworld
[00:35:23] [Server thread/INFO]: Saving chunks for level 'ServerLevel[新的世界]'/minecraft:the_nether
[00:35:23] [Server thread/INFO]: Saving chunks for level 'ServerLevel[新的世界]'/minecraft:the_end
[00:35:32] [Render thread/INFO]: Destroying pipeline minecraft:overworld
[00:35:32] [Render thread/WARN]: Tried to get boolean value for unknown option: FXAA, defaulting to true!
[00:35:32] [Render thread/WARN]: Tried to get boolean value for unknown option: FXAA, defaulting to true!
[00:35:32] [Render thread/WARN]: Tried to get boolean value for unknown option: FXAA, defaulting to true!
[00:35:32] [Render thread/INFO]: Profile: Custom (+63 options changed by user)
[00:35:33] [Render thread/WARN]: Found missing "\" in file "block.properties" in block entry: "// Shader Loader Version Placeholder"
[00:35:33] [Render thread/INFO]: Using shaderpack: ComplementaryReimagined_r5.6 + EuphoriaPatches_1.7.0
[00:35:33] [Render thread/INFO]: Creating pipeline for dimension minecraft:overworld
[00:35:43] [Render thread/INFO]: Stopping worker threads
[00:35:43] [Render thread/INFO]: Started 10 worker threads
[00:35:56] [Server thread/INFO]: Saving and pausing game...
[00:35:56] [Server thread/INFO]: Saving chunks for level 'ServerLevel[新的世界]'/minecraft:overworld
[00:35:56] [Server thread/INFO]: Saving chunks for level 'ServerLevel[新的世界]'/minecraft:the_nether
[00:35:56] [Server thread/INFO]: Saving chunks for level 'ServerLevel[新的世界]'/minecraft:the_end
[00:36:09] [Render thread/INFO]: Destroying pipeline minecraft:overworld
[00:36:09] [Render thread/WARN]: Tried to get boolean value for unknown option: FXAA, defaulting to true!
[00:36:09] [Render thread/WARN]: Tried to get boolean value for unknown option: FXAA, defaulting to true!
[00:36:09] [Render thread/WARN]: Tried to get boolean value for unknown option: FXAA, defaulting to true!
[00:36:09] [Render thread/INFO]: Profile: Custom (+63 options changed by user)
[00:36:10] [Render thread/WARN]: Found missing "\" in file "block.properties" in block entry: "// Shader Loader Version Placeholder"
[00:36:10] [Render thread/INFO]: Using shaderpack: ComplementaryReimagined_r5.6 + EuphoriaPatches_1.7.0
[00:36:10] [Render thread/INFO]: Creating pipeline for dimension minecraft:overworld
[00:36:19] [Render thread/INFO]: Stopping worker threads
[00:36:19] [Render thread/INFO]: Started 10 worker threads
[00:36:39] [Render thread/INFO]: Destroying pipeline minecraft:overworld
[00:36:39] [Render thread/INFO]: Shaders are disabled because enableShaders is set to false in iris.properties
[00:36:39] [Render thread/INFO]: Creating pipeline for dimension minecraft:overworld
[00:36:39] [Render thread/INFO]: Stopping worker threads
[00:36:39] [Render thread/INFO]: Started 10 worker threads
[00:36:39] [Render thread/INFO]: [System] [CHAT] 光影包已禁用！
[00:36:43] [Render thread/INFO]: Loaded 80 advancements
[00:36:45] [Render thread/INFO]: Loaded 81 advancements
[00:36:45] [Render thread/INFO]: Loaded 90 advancements
[00:37:03] [Server thread/INFO]: Saving and pausing game...
[00:37:03] [Server thread/INFO]: Saving chunks for level 'ServerLevel[新的世界]'/minecraft:overworld
[00:37:03] [Server thread/INFO]: Saving chunks for level 'ServerLevel[新的世界]'/minecraft:the_nether
[00:37:03] [Server thread/INFO]: Saving chunks for level 'ServerLevel[新的世界]'/minecraft:the_end
[00:37:05] [Server thread/INFO]: Saving and pausing game...
[00:37:05] [Server thread/INFO]: Saving chunks for level 'ServerLevel[新的世界]'/minecraft:overworld
[00:37:05] [Server thread/INFO]: Saving chunks for level 'ServerLevel[新的世界]'/minecraft:the_nether
[00:37:05] [Server thread/INFO]: Saving chunks for level 'ServerLevel[新的世界]'/minecraft:the_end
[00:37:14] [Server thread/INFO]: Saving and pausing game...
[00:37:14] [Server thread/INFO]: Saving chunks for level 'ServerLevel[新的世界]'/minecraft:overworld
[00:37:14] [Server thread/INFO]: Saving chunks for level 'ServerLevel[新的世界]'/minecraft:the_nether
[00:37:14] [Server thread/INFO]: Saving chunks for level 'ServerLevel[新的世界]'/minecraft:the_end
[00:37:22] [Server thread/INFO]: Saving and pausing game...
[00:37:22] [Server thread/INFO]: Saving chunks for level 'ServerLevel[新的世界]'/minecraft:overworld
[00:37:22] [Server thread/INFO]: Saving chunks for level 'ServerLevel[新的世界]'/minecraft:the_nether
[00:37:22] [Server thread/INFO]: Saving chunks for level 'ServerLevel[新的世界]'/minecraft:the_end
[00:37:40] [Render thread/INFO]: Destroying pipeline minecraft:overworld
[00:37:40] [Render thread/WARN]: Tried to get boolean value for unknown option: FXAA, defaulting to true!
[00:37:40] [Render thread/WARN]: Tried to get boolean value for unknown option: FXAA, defaulting to true!
[00:37:40] [Render thread/WARN]: Tried to get boolean value for unknown option: FXAA, defaulting to true!
[00:37:40] [Render thread/INFO]: Profile: Custom (+63 options changed by user)
[00:37:41] [Render thread/WARN]: Found missing "\" in file "block.properties" in block entry: "// Shader Loader Version Placeholder"
[00:37:41] [Render thread/INFO]: Using shaderpack: ComplementaryReimagined_r5.6 + EuphoriaPatches_1.7.0
[00:37:41] [Render thread/INFO]: Creating pipeline for dimension minecraft:overworld
[00:37:41] [Render thread/INFO]: Stopping worker threads
[00:37:41] [Render thread/INFO]: Started 10 worker threads
[00:37:41] [Render thread/INFO]: [System] [CHAT] 光影包已切换到 ComplementaryReimagined_r5.6 + EuphoriaPatches_1.7.0！
[00:37:41] [Render thread/INFO]: Stopping worker threads
[00:37:41] [Render thread/INFO]: Started 10 worker threads
[00:37:46] [Server thread/INFO]: Saving and pausing game...
[00:37:46] [Server thread/INFO]: Saving chunks for level 'ServerLevel[新的世界]'/minecraft:overworld
[00:37:46] [Server thread/INFO]: Saving chunks for level 'ServerLevel[新的世界]'/minecraft:the_nether
[00:37:46] [Server thread/INFO]: Saving chunks for level 'ServerLevel[新的世界]'/minecraft:the_end
[00:37:46] [Render thread/INFO]: [voicechat] Clearing audio channels
[00:37:46] [Server thread/INFO]: Ucatbinn lost connection: 连接中断
[00:37:46] [Server thread/INFO]: Ucatbinn退出了游戏
[00:37:46] [Server thread/INFO]: [voicechat] Disconnecting client Ucatbinn
[00:37:46] [Render thread/INFO]: [voicechat] Stopping microphone thread
[00:37:46] [Server thread/INFO]: Stopping singleplayer server as player logged out
[00:37:46] [Server thread/INFO]: Stopping server
[00:37:46] [Server thread/INFO]: Saving players
[00:37:46] [Server thread/INFO]: Saving worlds
[00:37:46] [Render thread/INFO]: [voicechat] Disconnecting voicechat
[00:37:46] [Server thread/INFO]: Saving chunks for level 'ServerLevel[新的世界]'/minecraft:overworld
[00:37:47] [Server thread/INFO]: Saving chunks for level 'ServerLevel[新的世界]'/minecraft:the_nether
[00:37:47] [Server thread/INFO]: Saving chunks for level 'ServerLevel[新的世界]'/minecraft:the_end
[00:37:47] [Server thread/INFO]: ThreadedAnvilChunkStorage (新的世界): All chunks are saved
[00:37:47] [Server thread/INFO]: ThreadedAnvilChunkStorage (DIM-1): All chunks are saved
[00:37:47] [Server thread/INFO]: ThreadedAnvilChunkStorage (DIM1): All chunks are saved
[00:37:47] [Server thread/INFO]: ThreadedAnvilChunkStorage: All dimensions are saved
[00:37:47] [Server thread/INFO]: Dispatching unloading event for config bettertridents-server.toml
[00:37:47] [Server thread/INFO]: Dispatching unloading event for config convenienteffects-server.toml
[00:37:47] [Server thread/INFO]: Dispatching unloading event for config easyanvils-server.toml
[00:37:47] [Server thread/INFO]: Dispatching unloading event for config easymagic-server.toml
[00:37:47] [Server thread/INFO]: Dispatching unloading event for config pickupnotifier-server.toml
[00:37:47] [Server thread/INFO]: Dispatching unloading event for config skeletonaifix-server.toml
[00:37:47] [Render thread/INFO]: Stopping worker threads
[00:37:48] [CullThread/INFO]: [STDOUT]: Shutting down culling task!
[00:37:48] [Render thread/INFO]: Stopping!
